<?xml version="1.0" encoding="UTF-8"?>
<!-- Generated by org.testng.reporters.JUnitReportReporter -->
<testsuite hostname="MacBook-Pro.local" failures="0" tests="3" name="suites.Suite1Test" time="9.024" errors="0" timestamp="2023-10-23T11:02:09 EEST" skipped="0">
  <testcase classname="suites.Suite1Test" name="suite1Test" time="3.014"/>
  <testcase classname="suites.Suite1Test" name="suite3Test" time="3.004"/>
  <testcase classname="suites.Suite1Test" name="suite2Test" time="3.006"/>
</testsuite> <!-- suites.Suite1Test -->
